[debug] [2018-04-24T23:49:09.858Z] ----------------------------------------------------------------------
[debug] [2018-04-24T23:49:09.860Z] Command:       /Users/cory/.nvm/versions/node/v9.8.0/bin/node /Users/cory/.nvm/versions/node/v9.8.0/bin/firebase serve
[debug] [2018-04-24T23:49:09.861Z] CLI Version:   3.18.4
[debug] [2018-04-24T23:49:09.861Z] Platform:      darwin
[debug] [2018-04-24T23:49:09.861Z] Node Version:  v9.8.0
[debug] [2018-04-24T23:49:09.861Z] Time:          Tue Apr 24 2018 18:49:09 GMT-0500 (CDT)
[debug] [2018-04-24T23:49:09.861Z] ----------------------------------------------------------------------
[debug] 
[debug] [2018-04-24T23:49:09.879Z] > command requires scopes: ["email","openid","https://www.googleapis.com/auth/cloudplatformprojects.readonly","https://www.googleapis.com/auth/firebase","https://www.googleapis.com/auth/cloud-platform"]
[debug] [2018-04-24T23:49:09.879Z] > authorizing via signed-in user
[debug] [2018-04-24T23:49:09.882Z] > refreshing access token with scopes: ["email","https://www.googleapis.com/auth/cloud-platform","https://www.googleapis.com/auth/cloudplatformprojects.readonly","https://www.googleapis.com/auth/firebase","openid"]
[debug] [2018-04-24T23:49:09.882Z] >>> HTTP REQUEST POST https://www.googleapis.com/oauth2/v3/token  
 { refresh_token: '1/jEXE3QgMCVnKMoTRihxArWmB7zlVmqIW00qS0Bnd_nc',
  client_id: '563584335869-fgrhgmd47bqnekij5i8b5pr03ho849e6.apps.googleusercontent.com',
  client_secret: 'j9iVZfS8kkCEFUPaAeJV0sAi',
  grant_type: 'refresh_token',
  scope: 'email https://www.googleapis.com/auth/cloud-platform https://www.googleapis.com/auth/cloudplatformprojects.readonly https://www.googleapis.com/auth/firebase openid' } 
 Tue Apr 24 2018 18:49:09 GMT-0500 (CDT)
[debug] [2018-04-24T23:49:10.099Z] <<< HTTP RESPONSE 200
[debug] [2018-04-24T23:49:10.110Z] >>> HTTP REQUEST GET https://admin.firebase.com/v1/projects/friendslife-b3cda  
  
 Tue Apr 24 2018 18:49:10 GMT-0500 (CDT)
[debug] [2018-04-24T23:49:10.559Z] <<< HTTP RESPONSE 200
[debug] [2018-04-24T23:49:10.560Z] >>> HTTP REQUEST GET https://admin.firebase.com/v1/database/friendslife-b3cda/tokens  
  
 Tue Apr 24 2018 18:49:10 GMT-0500 (CDT)
[debug] [2018-04-24T23:49:11.055Z] <<< HTTP RESPONSE 200
[debug] [2018-04-24T23:49:11.056Z] >>> HTTP REQUEST GET https://cloudresourcemanager.googleapis.com/v1/projects/friendslife-b3cda  
  
 Tue Apr 24 2018 18:49:11 GMT-0500 (CDT)
[debug] [2018-04-24T23:49:11.322Z] <<< HTTP RESPONSE 200
[info] 
[info] === Serving from '/Users/cory/Development/FriendsLife/FriendsLifeFirebase'...
[info] 
[debug] [2018-04-24T23:49:11.324Z] >>> HTTP REQUEST GET https://mobilesdk-pa.googleapis.com/v1/projects/631956229203/clients/_:getWebAppConfig  
  
 Tue Apr 24 2018 18:49:11 GMT-0500 (CDT)
[debug] [2018-04-24T23:49:11.786Z] <<< HTTP RESPONSE 200
[info] i  hosting: Serving hosting files from: dist
[info] ✔  hosting: Local server: http://localhost:5000

